2022-07-09 11:16:57,923 INFO this is intializing function....
2022-07-09 11:16:57,923 INFO String Concatenation Funcion....
2022-07-09 11:16:57,923 INFO Shashi is learning Pythondivya is learning Java
2022-07-09 11:16:57,923 INFO String Uppaercase Function....
2022-07-09 11:16:57,923 INFO SHASHI IS LEARNING PYTHONDivya Is Learning Java
2022-07-09 11:16:57,923 INFO String Revesres Funcion....
2022-07-09 11:16:57,923 INFO Sah slann yhnAVAJ GNINRAEL SI AYVID
2022-07-09 11:16:57,923 INFO String Count Function....
2022-07-09 11:16:57,923 INFO ['S', 'h', 'a', 's', 'h', 'i', ' ', 'i', 's', ' ', 'l', 'e', 'a', 'r', 'n', 'i', 'n', 'g', ' ', 'P', 'y', 't', 'h', 'o', 'n']
2022-07-09 11:16:57,923 INFO String Vowel Found Function....
2022-07-09 11:16:57,923 INFO this is executed succesfully
2022-07-09 11:16:57,923 INFO asi is learning yn
2022-07-09 11:16:57,923 INFO k1
2022-07-09 11:16:57,923 INFO k2
2022-07-09 11:16:57,923 INFO k3
2022-07-09 11:16:57,923 INFO ineuron
2022-07-09 11:16:57,923 INFO data science
2022-07-09 11:16:57,923 INFO String Elements extracted succesfully 
2022-07-09 11:16:57,923 INFO None
2022-07-09 11:16:57,923 INFO ['ineuron', ('k2', 'ineuron')]
2022-07-09 11:16:57,923 INFO None
2022-07-09 11:16:57,923 INFO THIS PART IS ABOUT LISTS........
2022-07-09 11:16:57,923 INFO [[1, 2, 3, 4], (2, 3, 4, 5, 6), (3, 4, 5, 6, 7), {45, 4, 5, 23}, {'k1': 'sudh', 'k2': 'ineuron', 'k3': 'kumar', 3: 6, 7: 8}, ['ineuron', 'data science']]
2022-07-09 11:16:57,923 INFO [1, 2, 3, 4]
2022-07-09 11:16:57,923 INFO ['ineuron', 'data science']
2022-07-09 11:16:57,923 INFO None
2022-07-09 11:16:57,923 INFO THIS PART IS ABOUT DICTIONARIES..............
2022-07-09 11:16:57,923 INFO [[1, 2, 3, 4], (2, 3, 4, 5, 6), (3, 4, 5, 6, 7), {45, 4, 5, 23}, {'k1': 'sudh', 'k2': 'ineuron', 'k3': 'kumar', 3: 6, 7: 8}, ['ineuron', 'data science']]
2022-07-09 11:16:57,923 INFO {'k1': 'sudh', 'k2': 'ineuron', 'k3': 'kumar', 3: 6, 7: 8}
2022-07-09 11:16:57,923 INFO None
2022-07-09 11:16:57,923 INFO ['k1', 'k2', 'k3', 3, 7]
2022-07-09 11:16:57,923 INFO None
2022-07-09 11:16:57,923 INFO k1
2022-07-09 11:16:57,923 INFO k2
2022-07-09 11:16:57,923 INFO k3
2022-07-09 11:16:57,923 INFO None
2022-07-09 11:16:57,923 INFO THIS PART IS ABOUT TUPLES..............
2022-07-09 11:16:57,923 INFO (2, 3, 4, 5, 6)
2022-07-09 11:16:57,923 INFO (3, 4, 5, 6, 7)
2022-07-09 11:16:57,923 INFO None
2022-07-09 11:16:57,923 INFO 45
2022-07-09 11:16:57,923 INFO None
2022-07-09 11:16:57,923 INFO THIS PART IS FLATTENING OF THE WHOLE LIST..............
2022-07-09 11:16:57,923 INFO [1, 2, 3, 4, 2, 3, 4, 5, 6, 3, 4, 5, 6, 7, 45, 4, 5, 23, 'ineuron', 'data science', 'k1', 'sudh', 'k2', 'ineuron', 'k3', 'kumar', 3, 6, 7, 8]
2022-07-09 11:16:57,923 INFO THIS PART IS SUMMATION OF THE NUMERICAL NUMBERS IN THE LIST..............
2022-07-09 11:16:57,923 INFO 156
2022-07-09 11:16:57,923 INFO None
2022-07-09 11:16:57,923 INFO THIS PART IS FINDING ODD AND EVEN NUMBERS FROM THE LIST..............
2022-07-09 11:16:57,923 INFO  These are odd numbers [1, 3, 3, 5, 3, 5, 7, 45, 5, 23, 3, 7],and these are even numbes [2, 4, 2, 4, 6, 4, 6, 4, 6, 8]
2022-07-09 11:16:57,923 INFO None
2022-07-09 11:16:57,923 INFO THIS PART IS MULTIPLICATION OF ALL NUMERIC VALUES IN THE LIST..............
2022-07-09 11:16:57,923 INFO 908605071360000
2022-07-09 11:16:57,923 INFO None
2022-07-09 11:16:57,923 INFO THIS PART IS FREQUENT OCCURENCES OF THE NUMERICAL VALUES IN THE LIST..............
2022-07-09 11:16:57,923 INFO [1, 2, 3, 4, 5, 6, 7, 45, 23, 8]
2022-07-09 11:16:57,923 INFO None
